Looking for git in: git
Using git 2.17.1 from git
> git rev-parse --show-toplevel
> git rev-parse --git-dir
> git config --get commit.template
Open repository: /home/michal/GIT_NOWY/DevOps
> git status -z -u
> git symbolic-ref --short HEAD
> git rev-parse master
> git rev-parse --symbolic-full-name master@{u}
> git rev-list --left-right master...refs/remotes/origin/master
> git for-each-ref --format %(refname) %(objectname) --sort -committerdate
> git remote --verbose
Failed to watch ref '/home/michal/GIT_NOWY/DevOps/.git/refs/remotes/origin/master'. Ref is most likely packed.
> git check-ignore -v -z --stdin
> git show :1.docker-node-js-mongo-db/server.js
> git status -z -u
> git symbolic-ref --short HEAD
> git rev-parse master
> git rev-parse --symbolic-full-name master@{u}
> git rev-list --left-right master...refs/remotes/origin/master
> git for-each-ref --format %(refname) %(objectname) --sort -committerdate
> git remote --verbose
Failed to watch ref '/home/michal/GIT_NOWY/DevOps/.git/refs/remotes/origin/master'. Ref is most likely packed.
> git show :1.docker-node-js-mongo-db/server.js
> git show :1.docker-node-js-mongo-db/Dockerfile
> git show :1.docker-node-js-mongo-db/package.json
> git status -z -u
> git symbolic-ref --short HEAD
> git rev-parse master
> git rev-parse --symbolic-full-name master@{u}
> git rev-list --left-right master...refs/remotes/origin/master
> git for-each-ref --format %(refname) %(objectname) --sort -committerdate
> git remote --verbose
Failed to watch ref '/home/michal/GIT_NOWY/DevOps/.git/refs/remotes/origin/master'. Ref is most likely packed.
> git status -z -u
> git symbolic-ref --short HEAD
> git rev-parse master
> git rev-parse --symbolic-full-name master@{u}
> git rev-list --left-right master...refs/remotes/origin/master
> git for-each-ref --format %(refname) %(objectname) --sort -committerdate
> git remote --verbose
Failed to watch ref '/home/michal/GIT_NOWY/DevOps/.git/refs/remotes/origin/master'. Ref is most likely packed.
> git status -z -u
> git symbolic-ref --short HEAD
> git rev-parse master
> git rev-parse --symbolic-full-name master@{u}
> git rev-list --left-right master...refs/remotes/origin/master
> git for-each-ref --format %(refname) %(objectname) --sort -committerdate
> git remote --verbose
Failed to watch ref '/home/michal/GIT_NOWY/DevOps/.git/refs/remotes/origin/master'. Ref is most likely packed.
> git status -z -u
> git symbolic-ref --short HEAD
> git rev-parse master
> git rev-parse --symbolic-full-name master@{u}
> git rev-list --left-right master...refs/remotes/origin/master
> git for-each-ref --format %(refname) %(objectname) --sort -committerdate
> git remote --verbose
Failed to watch ref '/home/michal/GIT_NOWY/DevOps/.git/refs/remotes/origin/master'. Ref is most likely packed.
> git status -z -u
> git symbolic-ref --short HEAD
> git rev-parse master
> git rev-parse --symbolic-full-name master@{u}
> git rev-list --left-right master...refs/remotes/origin/master
> git for-each-ref --format %(refname) %(objectname) --sort -committerdate
> git remote --verbose
Failed to watch ref '/home/michal/GIT_NOWY/DevOps/.git/refs/remotes/origin/master'. Ref is most likely packed.
> git status -z -u
> git symbolic-ref --short HEAD
> git rev-parse master
> git rev-parse --symbolic-full-name master@{u}
> git rev-list --left-right master...refs/remotes/origin/master
> git for-each-ref --format %(refname) %(objectname) --sort -committerdate
> git remote --verbose
Failed to watch ref '/home/michal/GIT_NOWY/DevOps/.git/refs/remotes/origin/master'. Ref is most likely packed.
> git status -z -u
> git check-ignore -v -z --stdin
> git symbolic-ref --short HEAD
> git rev-parse master
> git rev-parse --symbolic-full-name master@{u}
> git rev-list --left-right master...refs/remotes/origin/master
> git for-each-ref --format %(refname) %(objectname) --sort -committerdate
> git remote --verbose
Failed to watch ref '/home/michal/GIT_NOWY/DevOps/.git/refs/remotes/origin/master'. Ref is most likely packed.
> git status -z -u
> git symbolic-ref --short HEAD
> git rev-parse master
> git rev-parse --symbolic-full-name master@{u}
> git rev-list --left-right master...refs/remotes/origin/master
> git for-each-ref --format %(refname) %(objectname) --sort -committerdate
> git remote --verbose
Failed to watch ref '/home/michal/GIT_NOWY/DevOps/.git/refs/remotes/origin/master'. Ref is most likely packed.
> git status -z -u
> git symbolic-ref --short HEAD
> git rev-parse master
> git rev-parse --symbolic-full-name master@{u}
> git rev-list --left-right master...refs/remotes/origin/master
> git for-each-ref --format %(refname) %(objectname) --sort -committerdate
> git remote --verbose
Failed to watch ref '/home/michal/GIT_NOWY/DevOps/.git/refs/remotes/origin/master'. Ref is most likely packed.
> git status -z -u
> git symbolic-ref --short HEAD
> git rev-parse master
> git rev-parse --symbolic-full-name master@{u}
> git rev-list --left-right master...refs/remotes/origin/master
> git for-each-ref --format %(refname) %(objectname) --sort -committerdate
> git remote --verbose
Failed to watch ref '/home/michal/GIT_NOWY/DevOps/.git/refs/remotes/origin/master'. Ref is most likely packed.
> git status -z -u
> git symbolic-ref --short HEAD
> git rev-parse master
> git rev-parse --symbolic-full-name master@{u}
> git rev-list --left-right master...refs/remotes/origin/master
> git for-each-ref --format %(refname) %(objectname) --sort -committerdate
> git remote --verbose
Failed to watch ref '/home/michal/GIT_NOWY/DevOps/.git/refs/remotes/origin/master'. Ref is most likely packed.
> git status -z -u
> git symbolic-ref --short HEAD
> git rev-parse master
> git rev-parse --symbolic-full-name master@{u}
> git rev-list --left-right master...refs/remotes/origin/master
> git for-each-ref --format %(refname) %(objectname) --sort -committerdate
> git remote --verbose
Failed to watch ref '/home/michal/GIT_NOWY/DevOps/.git/refs/remotes/origin/master'. Ref is most likely packed.
> git status -z -u
> git symbolic-ref --short HEAD
> git rev-parse master
> git rev-parse --symbolic-full-name master@{u}
> git rev-list --left-right master...refs/remotes/origin/master
> git for-each-ref --format %(refname) %(objectname) --sort -committerdate
> git remote --verbose
Failed to watch ref '/home/michal/GIT_NOWY/DevOps/.git/refs/remotes/origin/master'. Ref is most likely packed.
> git check-ignore -v -z --stdin
> git show :1.docker-node-js-mongo-db/node_project/app.js
> git ls-files --stage -- 1.docker-node-js-mongo-db/node_project/
> git show :1.docker-node-js-mongo-db/server.js
> git show :1.docker-node-js-mongo-db/node_project/app.js
> git ls-files --stage -- 1.docker-node-js-mongo-db/node_project/
> git show :1.docker-node-js-mongo-db/server.js
