[Server(30333) file:///home/michal/GIT_NOWY/DevOps] Started and initialize received
[Server(30333) file:///home/michal/GIT_NOWY/DevOps] Setup a stylesheet lookup map
[Server(30333) file:///home/michal/GIT_NOWY/DevOps] Document opened: file:///home/michal/GIT_NOWY/DevOps/1.docker-node-js-mongo-db/server.js
[Server(30333) file:///home/michal/GIT_NOWY/DevOps] Document changed: file:///home/michal/GIT_NOWY/DevOps/1.docker-node-js-mongo-db/server.js
Invalid Selector...
Invalid Selector...
Invalid Selector...
[Server(30333) file:///home/michal/GIT_NOWY/DevOps] Document changed: file:///home/michal/GIT_NOWY/DevOps/1.docker-node-js-mongo-db/server.js
[Server(30333) file:///home/michal/GIT_NOWY/DevOps] Document changed: file:///home/michal/GIT_NOWY/DevOps/1.docker-node-js-mongo-db/server.js
[Server(30333) file:///home/michal/GIT_NOWY/DevOps] Document changed: file:///home/michal/GIT_NOWY/DevOps/1.docker-node-js-mongo-db/server.js
[Server(30333) file:///home/michal/GIT_NOWY/DevOps] Document changed: file:///home/michal/GIT_NOWY/DevOps/1.docker-node-js-mongo-db/server.js
Invalid Selector...
Invalid Selector...
[Server(30333) file:///home/michal/GIT_NOWY/DevOps] Document changed: file:///home/michal/GIT_NOWY/DevOps/1.docker-node-js-mongo-db/server.js
[Server(30333) file:///home/michal/GIT_NOWY/DevOps] Document changed: file:///home/michal/GIT_NOWY/DevOps/1.docker-node-js-mongo-db/server.js
[Server(30333) file:///home/michal/GIT_NOWY/DevOps] Document changed: file:///home/michal/GIT_NOWY/DevOps/1.docker-node-js-mongo-db/server.js
[Server(30333) file:///home/michal/GIT_NOWY/DevOps] Document changed: file:///home/michal/GIT_NOWY/DevOps/1.docker-node-js-mongo-db/server.js
[Server(30333) file:///home/michal/GIT_NOWY/DevOps] Document changed: file:///home/michal/GIT_NOWY/DevOps/1.docker-node-js-mongo-db/server.js
[Server(30333) file:///home/michal/GIT_NOWY/DevOps] Document changed: file:///home/michal/GIT_NOWY/DevOps/1.docker-node-js-mongo-db/server.js
[Server(30333) file:///home/michal/GIT_NOWY/DevOps] Document changed: file:///home/michal/GIT_NOWY/DevOps/1.docker-node-js-mongo-db/server.js
[Server(30333) file:///home/michal/GIT_NOWY/DevOps] Document changed: file:///home/michal/GIT_NOWY/DevOps/1.docker-node-js-mongo-db/server.js
[Server(30333) file:///home/michal/GIT_NOWY/DevOps] Document opened: file:///home/michal/GIT_NOWY/DevOps/1.docker-node-js-mongo-db/node_project/app.js
[Server(30333) file:///home/michal/GIT_NOWY/DevOps] Document changed: file:///home/michal/GIT_NOWY/DevOps/1.docker-node-js-mongo-db/node_project/app.js
